<?xml version="1.0" encoding="UTF-8"?>
<!-- Generated by org.testng.reporters.JUnitReportReporter -->
<testsuite hostname="Mypc" name="testNG.UserReg" tests="1" failures="0" timestamp="10 Jun 2017 08:40:17 GMT" time="9.000" errors="0">
  <testcase name="org_Userreg" time="9.000" classname="testNG.UserReg"/>
</testsuite> <!-- testNG.UserReg -->
