<?xml version="1.0" encoding="UTF-8"?>
<!-- Generated by org.testng.reporters.JUnitReportReporter -->
<testsuite hostname="Mypc" name="pom.LoginTC" tests="1" failures="0" timestamp="10 Jun 2017 11:24:53 GMT" time="12.177" errors="0">
  <testcase name="login" time="12.177" classname="pom.LoginTC"/>
</testsuite> <!-- pom.LoginTC -->
