<?xml version="1.0" encoding="UTF-8"?>
<!-- Generated by org.testng.reporters.JUnitReportReporter -->
<testsuite hostname="Mypc" name="testNG.BasicAnnotations" tests="3" failures="0" timestamp="10 Jun 2017 07:59:03 GMT" time="0.036" errors="0">
  <testcase name="function2" time="0.008" classname="testNG.BasicAnnotations"/>
  <testcase name="function1" time="0.014" classname="testNG.BasicAnnotations"/>
  <testcase name="apple" time="0.014" classname="testNG.BasicAnnotations"/>
</testsuite> <!-- testNG.BasicAnnotations -->
