<?xml version="1.0" encoding="UTF-8"?>
<!-- Generated by org.testng.reporters.JUnitReportReporter -->
<testsuite hostname="Mypc" name="testNG.Empreg" tests="3" failures="0" timestamp="10 Jun 2017 09:24:28 GMT" time="14.912" errors="0">
  <testcase name="org_Empreg" time="4.427" classname="testNG.Empreg"/>
  <testcase name="org_Empreg" time="5.517" classname="testNG.Empreg"/>
  <testcase name="org_Empreg" time="4.968" classname="testNG.Empreg"/>
</testsuite> <!-- testNG.Empreg -->
