<?xml version="1.0" encoding="UTF-8"?>
<!-- Generated by org.testng.reporters.JUnitReportReporter -->
<testsuite hostname="Mypc" name="grid.GrigEg" tests="2" failures="0" timestamp="11 Jun 2017 07:59:01 GMT" time="44.825" errors="0">
  <testcase name="grid" time="17.899" classname="grid.GrigEg"/>
  <testcase name="grid" time="26.926" classname="grid.GrigEg"/>
</testsuite> <!-- grid.GrigEg -->
