<?xml version="1.0" encoding="UTF-8"?>
<!-- Generated by org.testng.reporters.JUnitReportReporter -->
<testsuite hostname="Mypc" name="testNG.PrimusBank_Login" tests="1" failures="0" timestamp="10 Jun 2017 08:08:06 GMT" time="5.442" errors="0">
  <testcase name="login" time="5.442" classname="testNG.PrimusBank_Login"/>
</testsuite> <!-- testNG.PrimusBank_Login -->
